[0m2021.04.09 23:09:27 INFO  Started: Metals version 0.10.1 in workspace '/home/gauravgaur/1My/study/projects/blog/blog-starter/temp/he' for client vscode 1.55.0.[0m
[0m2021.04.09 23:09:27 INFO  time: initialize in 0.47s[0m
[0m2021.04.09 23:09:27 WARN  Build server is not auto-connectable.[0m
[0m2021.04.09 23:09:30 WARN  no build target for: /home/gauravgaur/1My/study/projects/blog/blog-starter/temp/he/project/Dependencies.scala[0m
[0m2021.04.09 23:09:33 INFO  no build target: using presentation compiler with only scala-library: 2.12.13[0m
[0m2021.04.09 23:09:34 INFO  time: code lens generation in 4.04s[0m
Apr 09, 2021 11:09:36 PM org.eclipse.lsp4j.jsonrpc.RemoteEndpoint handleCancellation
WARNING: Unmatched cancel notification for request id 6
[0m2021.04.09 23:09:44 WARN  no build target for: /home/gauravgaur/1My/study/projects/blog/blog-starter/temp/he/project/plugins.sbt[0m
[0m2021.04.09 23:09:44 WARN  no build target for: /home/gauravgaur/1My/study/projects/blog/blog-starter/temp/he/project/plugins.sbt[0m
[0m2021.04.09 23:09:44 INFO  skipping build import with status 'Requested'[0m
[0m2021.04.09 23:09:55 WARN  no build target for: /home/gauravgaur/1My/study/projects/blog/blog-starter/temp/he/project/plugins.sbt[0m
[0m2021.04.09 23:09:57 WARN  no build target for: /home/gauravgaur/1My/study/projects/blog/blog-starter/temp/he/build.sbt[0m
[0m2021.04.09 23:10:24 WARN  no build target for: /home/gauravgaur/1My/study/projects/blog/blog-starter/temp/he/build.sbt[0m
[0m2021.04.09 23:27:30 WARN  no build target for: /home/gauravgaur/1My/study/projects/blog/blog-starter/temp/he/src/main/scala/example/MyBenchmark.scala[0m
[0m2021.04.09 23:27:39 WARN  no build target for: /home/gauravgaur/1My/study/projects/blog/blog-starter/temp/he/src/test/scala/example/HelloSpec.scala[0m
Apr 09, 2021 11:27:40 PM org.eclipse.lsp4j.jsonrpc.RemoteEndpoint handleCancellation
WARNING: Unmatched cancel notification for request id 58
[0m2021.04.09 23:27:40 WARN  no build target for: /home/gauravgaur/1My/study/projects/blog/blog-starter/temp/he/src/main/scala/example/Hello.scala[0m
Apr 09, 2021 11:27:44 PM org.eclipse.lsp4j.jsonrpc.RemoteEndpoint handleCancellation
WARNING: Unmatched cancel notification for request id 67
[0m2021.04.09 23:27:47 WARN  no build target for: /home/gauravgaur/1My/study/projects/blog/blog-starter/temp/he/src/main/scala/example/MyBenchmark.scala[0m
Apr 09, 2021 11:27:48 PM org.eclipse.lsp4j.jsonrpc.RemoteEndpoint handleCancellation
WARNING: Unmatched cancel notification for request id 76
Apr 09, 2021 11:27:50 PM org.eclipse.lsp4j.jsonrpc.RemoteEndpoint handleCancellation
WARNING: Unmatched cancel notification for request id 83
[0m2021.04.09 23:28:18 WARN  no build target for: /home/gauravgaur/1My/study/projects/blog/blog-starter/temp/he/src/main/scala/example/MyBenchmark.scala[0m
[0m2021.04.09 23:28:47 WARN  no build target for: /home/gauravgaur/1My/study/projects/blog/blog-starter/temp/he/src/main/scala/example/MyBenchmark.scala[0m
[0m2021.04.09 23:34:23 WARN  no build target for: /home/gauravgaur/1My/study/projects/blog/blog-starter/temp/he/src/main/scala/example/MyBenchmark.scala[0m
[0m2021.04.09 23:34:35 WARN  no build target for: /home/gauravgaur/1My/study/projects/blog/blog-starter/temp/he/src/main/scala/example/MyBenchmark.scala[0m
[0m2021.04.09 23:34:35 WARN  no build target for: /home/gauravgaur/1My/study/projects/blog/blog-starter/temp/he/src/main/scala/example/MyBenchmark.scala[0m
[0m2021.04.09 23:34:35 WARN  no build target for: /home/gauravgaur/1My/study/projects/blog/blog-starter/temp/he/src/main/scala/example/MyBenchmark.scala[0m
[0m2021.04.09 23:34:44 WARN  no build target for: /home/gauravgaur/1My/study/projects/blog/blog-starter/temp/he/src/main/scala/example/MyBenchmark.scala[0m
[0m2021.04.09 23:34:47 WARN  no build target for: /home/gauravgaur/1My/study/projects/blog/blog-starter/temp/he/src/main/scala/example/MyBenchmark.scala[0m
[0m2021.04.09 23:42:24 WARN  no build target for: /home/gauravgaur/1My/study/projects/blog/blog-starter/temp/he/src/main/scala/example/MyBenchmark.scala[0m
[0m2021.04.09 23:44:28 WARN  no build target for: /home/gauravgaur/1My/study/projects/blog/blog-starter/temp/he/src/main/scala/example/MyBenchmark.scala[0m
[0m2021.04.09 23:46:45 WARN  no build target for: /home/gauravgaur/1My/study/projects/blog/blog-starter/temp/he/src/main/scala/example/MyBenchmark.scala[0m
[0m2021.04.09 23:53:02 INFO  shutting down Metals[0m
